c:\users\renan\desktop\compsci\mackenzie\6º semestre\teoria dos grafos\projeto\projeto 1\projetografos\projetografos\x64\debug\vc143.pdb
c:\users\renan\desktop\compsci\mackenzie\6º semestre\teoria dos grafos\projeto\projeto 1\projetografos\projetografos\x64\debug\vc143.idb
c:\users\renan\desktop\compsci\mackenzie\6º semestre\teoria dos grafos\projeto\projeto 1\projetografos\projetografos\x64\debug\tgrafo.obj
c:\users\renan\desktop\compsci\mackenzie\6º semestre\teoria dos grafos\projeto\projeto 1\projetografos\projetografos\x64\debug\projetografos.obj
c:\users\renan\desktop\compsci\mackenzie\6º semestre\teoria dos grafos\projeto\projeto 1\projetografos\projetografos\x64\debug\testes.obj
c:\users\renan\desktop\compsci\mackenzie\6º semestre\teoria dos grafos\projeto\projeto 1\projetografos\x64\debug\projetografos.pdb
c:\users\renan\desktop\compsci\mackenzie\6º semestre\teoria dos grafos\projeto\projeto 1\projetografos\projetografos\x64\debug\projetografos.tlog\cl.command.1.tlog
c:\users\renan\desktop\compsci\mackenzie\6º semestre\teoria dos grafos\projeto\projeto 1\projetografos\projetografos\x64\debug\projetografos.tlog\cl.read.1.tlog
c:\users\renan\desktop\compsci\mackenzie\6º semestre\teoria dos grafos\projeto\projeto 1\projetografos\projetografos\x64\debug\projetografos.tlog\cl.write.1.tlog
c:\users\renan\desktop\compsci\mackenzie\6º semestre\teoria dos grafos\projeto\projeto 1\projetografos\projetografos\x64\debug\projetografos.tlog\link-cvtres.read.1.tlog
c:\users\renan\desktop\compsci\mackenzie\6º semestre\teoria dos grafos\projeto\projeto 1\projetografos\projetografos\x64\debug\projetografos.tlog\link-cvtres.write.1.tlog
c:\users\renan\desktop\compsci\mackenzie\6º semestre\teoria dos grafos\projeto\projeto 1\projetografos\projetografos\x64\debug\projetografos.tlog\link-rc.read.1.tlog
c:\users\renan\desktop\compsci\mackenzie\6º semestre\teoria dos grafos\projeto\projeto 1\projetografos\projetografos\x64\debug\projetografos.tlog\link-rc.write.1.tlog
c:\users\renan\desktop\compsci\mackenzie\6º semestre\teoria dos grafos\projeto\projeto 1\projetografos\projetografos\x64\debug\projetografos.tlog\link.17156-cvtres.read.1.tlog
c:\users\renan\desktop\compsci\mackenzie\6º semestre\teoria dos grafos\projeto\projeto 1\projetografos\projetografos\x64\debug\projetografos.tlog\link.17156-cvtres.write.1.tlog
c:\users\renan\desktop\compsci\mackenzie\6º semestre\teoria dos grafos\projeto\projeto 1\projetografos\projetografos\x64\debug\projetografos.tlog\link.17156-rc.read.1.tlog
c:\users\renan\desktop\compsci\mackenzie\6º semestre\teoria dos grafos\projeto\projeto 1\projetografos\projetografos\x64\debug\projetografos.tlog\link.17156-rc.write.1.tlog
c:\users\renan\desktop\compsci\mackenzie\6º semestre\teoria dos grafos\projeto\projeto 1\projetografos\projetografos\x64\debug\projetografos.tlog\link.17156.read.1.tlog
c:\users\renan\desktop\compsci\mackenzie\6º semestre\teoria dos grafos\projeto\projeto 1\projetografos\projetografos\x64\debug\projetografos.tlog\link.17156.read.2.tlog
c:\users\renan\desktop\compsci\mackenzie\6º semestre\teoria dos grafos\projeto\projeto 1\projetografos\projetografos\x64\debug\projetografos.tlog\link.17156.write.1.tlog
c:\users\renan\desktop\compsci\mackenzie\6º semestre\teoria dos grafos\projeto\projeto 1\projetografos\projetografos\x64\debug\projetografos.tlog\link.command.1.tlog
c:\users\renan\desktop\compsci\mackenzie\6º semestre\teoria dos grafos\projeto\projeto 1\projetografos\projetografos\x64\debug\projetografos.tlog\link.read.1.tlog
c:\users\renan\desktop\compsci\mackenzie\6º semestre\teoria dos grafos\projeto\projeto 1\projetografos\projetografos\x64\debug\projetografos.tlog\link.read.2.tlog
c:\users\renan\desktop\compsci\mackenzie\6º semestre\teoria dos grafos\projeto\projeto 1\projetografos\projetografos\x64\debug\projetografos.tlog\link.write.1.tlog
